
*** Running vivado
    with args -log toplevel.vds -m64 -product Vivado -mode batch -messageDb vivado.pb -notrace -source toplevel.tcl



****** Vivado v2021.1 (64-bit)
  **** SW Build 3247384 on Thu Jun 10 19:36:33 MDT 2021
  **** IP Build 3246043 on Fri Jun 11 00:30:35 MDT 2021
    ** Copyright 1986-2021 Xilinx, Inc. All Rights Reserved.

source toplevel.tcl -notrace
Command: synth_design -top toplevel -part xc7a35tcpg236-1
Starting synth_design
Attempting to get a license for feature 'Synthesis' and/or device 'xc7a35t'
INFO: [Common 17-349] Got license for feature 'Synthesis' and/or device 'xc7a35t'
INFO: [Device 21-403] Loading part xc7a35tcpg236-1
INFO: [Synth 8-7079] Multithreading enabled for synth_design using a maximum of 2 processes.
INFO: [Synth 8-7078] Launching helper process for spawning children vivado processes
INFO: [Synth 8-7075] Helper process launched with PID 9800
---------------------------------------------------------------------------------
Starting RTL Elaboration : Time (s): cpu = 00:00:04 ; elapsed = 00:00:04 . Memory (MB): peak = 1136.465 ; gain = 0.000
---------------------------------------------------------------------------------
INFO: [Synth 8-638] synthesizing module 'toplevel' [C:/Users/Moritz/Documents/GitHub/OctaBit/OctaBit.srcs/sources_1/new/toplevel.vhd:55]
INFO: [Synth 8-3491] module 'clk_wiz_0' declared at 'C:/Users/Moritz/Documents/GitHub/OctaBit/OctaBit.runs/synth_1/.Xil/Vivado-5248-DESKTOP-F0RAV2R/realtime/clk_wiz_0_stub.vhdl:5' bound to instance 'clk_wizard' of component 'clk_wiz_0' [C:/Users/Moritz/Documents/GitHub/OctaBit/OctaBit.srcs/sources_1/new/toplevel.vhd:486]
INFO: [Synth 8-638] synthesizing module 'clk_wiz_0' [C:/Users/Moritz/Documents/GitHub/OctaBit/OctaBit.runs/synth_1/.Xil/Vivado-5248-DESKTOP-F0RAV2R/realtime/clk_wiz_0_stub.vhdl:13]
INFO: [Synth 8-3491] module 'program_counter' declared at 'C:/Users/Moritz/Documents/GitHub/OctaBit/OctaBit.srcs/sources_1/new/program_counter.vhd:35' bound to instance 'pc' of component 'program_counter' [C:/Users/Moritz/Documents/GitHub/OctaBit/OctaBit.srcs/sources_1/new/toplevel.vhd:492]
INFO: [Synth 8-638] synthesizing module 'program_counter' [C:/Users/Moritz/Documents/GitHub/OctaBit/OctaBit.srcs/sources_1/new/program_counter.vhd:47]
INFO: [Synth 8-256] done synthesizing module 'program_counter' (1#1) [C:/Users/Moritz/Documents/GitHub/OctaBit/OctaBit.srcs/sources_1/new/program_counter.vhd:47]
INFO: [Synth 8-3491] module 'program_memory' declared at 'C:/Users/Moritz/Documents/GitHub/OctaBit/OctaBit.srcs/sources_1/new/program_memory.vhd:38' bound to instance 'pm' of component 'program_memory' [C:/Users/Moritz/Documents/GitHub/OctaBit/OctaBit.srcs/sources_1/new/toplevel.vhd:505]
INFO: [Synth 8-638] synthesizing module 'program_memory' [C:/Users/Moritz/Documents/GitHub/OctaBit/OctaBit.srcs/sources_1/new/program_memory.vhd:46]
INFO: [Synth 8-256] done synthesizing module 'program_memory' (2#1) [C:/Users/Moritz/Documents/GitHub/OctaBit/OctaBit.srcs/sources_1/new/program_memory.vhd:46]
INFO: [Synth 8-3491] module 'pip_fetch' declared at 'C:/Users/Moritz/Documents/GitHub/OctaBit/OctaBit.srcs/sources_1/new/pip_fetch.vhd:34' bound to instance 'pip_fetch_reg' of component 'pip_fetch' [C:/Users/Moritz/Documents/GitHub/OctaBit/OctaBit.srcs/sources_1/new/toplevel.vhd:514]
INFO: [Synth 8-638] synthesizing module 'pip_fetch' [C:/Users/Moritz/Documents/GitHub/OctaBit/OctaBit.srcs/sources_1/new/pip_fetch.vhd:44]
INFO: [Synth 8-256] done synthesizing module 'pip_fetch' (3#1) [C:/Users/Moritz/Documents/GitHub/OctaBit/OctaBit.srcs/sources_1/new/pip_fetch.vhd:44]
INFO: [Synth 8-3491] module 'decoder' declared at 'C:/Users/Moritz/Documents/GitHub/OctaBit/OctaBit.srcs/sources_1/new/decoder.vhd:37' bound to instance 'dec' of component 'decoder' [C:/Users/Moritz/Documents/GitHub/OctaBit/OctaBit.srcs/sources_1/new/toplevel.vhd:523]
INFO: [Synth 8-638] synthesizing module 'decoder' [C:/Users/Moritz/Documents/GitHub/OctaBit/OctaBit.srcs/sources_1/new/decoder.vhd:64]
INFO: [Synth 8-226] default block is never used [C:/Users/Moritz/Documents/GitHub/OctaBit/OctaBit.srcs/sources_1/new/decoder.vhd:169]
INFO: [Synth 8-256] done synthesizing module 'decoder' (4#1) [C:/Users/Moritz/Documents/GitHub/OctaBit/OctaBit.srcs/sources_1/new/decoder.vhd:64]
INFO: [Synth 8-3491] module 'pip_decode' declared at 'C:/Users/Moritz/Documents/GitHub/OctaBit/OctaBit.srcs/sources_1/new/pip_decode.vhd:34' bound to instance 'pip_dec' of component 'pip_decode' [C:/Users/Moritz/Documents/GitHub/OctaBit/OctaBit.srcs/sources_1/new/toplevel.vhd:552]
INFO: [Synth 8-638] synthesizing module 'pip_decode' [C:/Users/Moritz/Documents/GitHub/OctaBit/OctaBit.srcs/sources_1/new/pip_decode.vhd:94]
WARNING: [Synth 8-614] signal 'dec_rf_addr_opA' is read in the process but is not in the sensitivity list [C:/Users/Moritz/Documents/GitHub/OctaBit/OctaBit.srcs/sources_1/new/pip_decode.vhd:97]
WARNING: [Synth 8-614] signal 'dec_rf_addr_opB' is read in the process but is not in the sensitivity list [C:/Users/Moritz/Documents/GitHub/OctaBit/OctaBit.srcs/sources_1/new/pip_decode.vhd:97]
WARNING: [Synth 8-614] signal 'dec_alu_op_code' is read in the process but is not in the sensitivity list [C:/Users/Moritz/Documents/GitHub/OctaBit/OctaBit.srcs/sources_1/new/pip_decode.vhd:97]
WARNING: [Synth 8-614] signal 'dec_rf_write_enable' is read in the process but is not in the sensitivity list [C:/Users/Moritz/Documents/GitHub/OctaBit/OctaBit.srcs/sources_1/new/pip_decode.vhd:97]
WARNING: [Synth 8-614] signal 'dec_sreg_write_enable' is read in the process but is not in the sensitivity list [C:/Users/Moritz/Documents/GitHub/OctaBit/OctaBit.srcs/sources_1/new/pip_decode.vhd:97]
WARNING: [Synth 8-614] signal 'dec_rf_immediate' is read in the process but is not in the sensitivity list [C:/Users/Moritz/Documents/GitHub/OctaBit/OctaBit.srcs/sources_1/new/pip_decode.vhd:97]
WARNING: [Synth 8-614] signal 'dec_alu_immediate' is read in the process but is not in the sensitivity list [C:/Users/Moritz/Documents/GitHub/OctaBit/OctaBit.srcs/sources_1/new/pip_decode.vhd:97]
WARNING: [Synth 8-614] signal 'dec_immediate_value' is read in the process but is not in the sensitivity list [C:/Users/Moritz/Documents/GitHub/OctaBit/OctaBit.srcs/sources_1/new/pip_decode.vhd:97]
WARNING: [Synth 8-614] signal 'dec_dm_write_enable' is read in the process but is not in the sensitivity list [C:/Users/Moritz/Documents/GitHub/OctaBit/OctaBit.srcs/sources_1/new/pip_decode.vhd:97]
WARNING: [Synth 8-614] signal 'dec_mux_select_alu_dm' is read in the process but is not in the sensitivity list [C:/Users/Moritz/Documents/GitHub/OctaBit/OctaBit.srcs/sources_1/new/pip_decode.vhd:97]
WARNING: [Synth 8-614] signal 'dec_sreg_override_enable' is read in the process but is not in the sensitivity list [C:/Users/Moritz/Documents/GitHub/OctaBit/OctaBit.srcs/sources_1/new/pip_decode.vhd:97]
WARNING: [Synth 8-614] signal 'dec_sreg_override_value' is read in the process but is not in the sensitivity list [C:/Users/Moritz/Documents/GitHub/OctaBit/OctaBit.srcs/sources_1/new/pip_decode.vhd:97]
WARNING: [Synth 8-614] signal 'dec_sp_op' is read in the process but is not in the sensitivity list [C:/Users/Moritz/Documents/GitHub/OctaBit/OctaBit.srcs/sources_1/new/pip_decode.vhd:97]
WARNING: [Synth 8-614] signal 'dec_sp_enable' is read in the process but is not in the sensitivity list [C:/Users/Moritz/Documents/GitHub/OctaBit/OctaBit.srcs/sources_1/new/pip_decode.vhd:97]
WARNING: [Synth 8-614] signal 'br_mux_z_br_value' is read in the process but is not in the sensitivity list [C:/Users/Moritz/Documents/GitHub/OctaBit/OctaBit.srcs/sources_1/new/pip_decode.vhd:97]
WARNING: [Synth 8-614] signal 'br_mux_select_alu_dm' is read in the process but is not in the sensitivity list [C:/Users/Moritz/Documents/GitHub/OctaBit/OctaBit.srcs/sources_1/new/pip_decode.vhd:97]
WARNING: [Synth 8-614] signal 'mux_br_sp_enable' is read in the process but is not in the sensitivity list [C:/Users/Moritz/Documents/GitHub/OctaBit/OctaBit.srcs/sources_1/new/pip_decode.vhd:97]
WARNING: [Synth 8-614] signal 'br_sp_op_code' is read in the process but is not in the sensitivity list [C:/Users/Moritz/Documents/GitHub/OctaBit/OctaBit.srcs/sources_1/new/pip_decode.vhd:97]
WARNING: [Synth 8-614] signal 'br_sp_enable' is read in the process but is not in the sensitivity list [C:/Users/Moritz/Documents/GitHub/OctaBit/OctaBit.srcs/sources_1/new/pip_decode.vhd:97]
WARNING: [Synth 8-614] signal 'br_mux_rf_br_enable' is read in the process but is not in the sensitivity list [C:/Users/Moritz/Documents/GitHub/OctaBit/OctaBit.srcs/sources_1/new/pip_decode.vhd:97]
INFO: [Synth 8-256] done synthesizing module 'pip_decode' (5#1) [C:/Users/Moritz/Documents/GitHub/OctaBit/OctaBit.srcs/sources_1/new/pip_decode.vhd:94]
INFO: [Synth 8-3491] module 'register_file' declared at 'C:/Users/Moritz/Documents/GitHub/OctaBit/OctaBit.srcs/sources_1/new/register_file.vhd:34' bound to instance 'rf' of component 'register_file' [C:/Users/Moritz/Documents/GitHub/OctaBit/OctaBit.srcs/sources_1/new/toplevel.vhd:610]
INFO: [Synth 8-638] synthesizing module 'register_file' [C:/Users/Moritz/Documents/GitHub/OctaBit/OctaBit.srcs/sources_1/new/register_file.vhd:48]
INFO: [Synth 8-256] done synthesizing module 'register_file' (6#1) [C:/Users/Moritz/Documents/GitHub/OctaBit/OctaBit.srcs/sources_1/new/register_file.vhd:48]
INFO: [Synth 8-3491] module 'alu' declared at 'C:/Users/Moritz/Documents/GitHub/OctaBit/OctaBit.srcs/sources_1/new/alu.vhd:37' bound to instance 'alu0' of component 'alu' [C:/Users/Moritz/Documents/GitHub/OctaBit/OctaBit.srcs/sources_1/new/toplevel.vhd:626]
INFO: [Synth 8-638] synthesizing module 'alu' [C:/Users/Moritz/Documents/GitHub/OctaBit/OctaBit.srcs/sources_1/new/alu.vhd:50]
INFO: [Synth 8-256] done synthesizing module 'alu' (7#1) [C:/Users/Moritz/Documents/GitHub/OctaBit/OctaBit.srcs/sources_1/new/alu.vhd:50]
INFO: [Synth 8-3491] module 'pip_execute' declared at 'C:/Users/Moritz/Documents/GitHub/OctaBit/OctaBit.srcs/sources_1/new/pip_execute.vhd:34' bound to instance 'pip_exec' of component 'pip_execute' [C:/Users/Moritz/Documents/GitHub/OctaBit/OctaBit.srcs/sources_1/new/toplevel.vhd:640]
INFO: [Synth 8-638] synthesizing module 'pip_execute' [C:/Users/Moritz/Documents/GitHub/OctaBit/OctaBit.srcs/sources_1/new/pip_execute.vhd:48]
WARNING: [Synth 8-614] signal 'pip_dec_sreg_write_enable' is read in the process but is not in the sensitivity list [C:/Users/Moritz/Documents/GitHub/OctaBit/OctaBit.srcs/sources_1/new/pip_execute.vhd:51]
WARNING: [Synth 8-614] signal 'alu_sreg_status' is read in the process but is not in the sensitivity list [C:/Users/Moritz/Documents/GitHub/OctaBit/OctaBit.srcs/sources_1/new/pip_execute.vhd:51]
WARNING: [Synth 8-614] signal 'pip_dec_sreg_override_enable' is read in the process but is not in the sensitivity list [C:/Users/Moritz/Documents/GitHub/OctaBit/OctaBit.srcs/sources_1/new/pip_execute.vhd:51]
WARNING: [Synth 8-614] signal 'pip_dec_sreg_override_value' is read in the process but is not in the sensitivity list [C:/Users/Moritz/Documents/GitHub/OctaBit/OctaBit.srcs/sources_1/new/pip_execute.vhd:51]
INFO: [Synth 8-256] done synthesizing module 'pip_execute' (8#1) [C:/Users/Moritz/Documents/GitHub/OctaBit/OctaBit.srcs/sources_1/new/pip_execute.vhd:48]
INFO: [Synth 8-3491] module 'status_registry' declared at 'C:/Users/Moritz/Documents/GitHub/OctaBit/OctaBit.srcs/sources_1/new/status_registry.vhd:34' bound to instance 'sreg' of component 'status_registry' [C:/Users/Moritz/Documents/GitHub/OctaBit/OctaBit.srcs/sources_1/new/toplevel.vhd:654]
INFO: [Synth 8-638] synthesizing module 'status_registry' [C:/Users/Moritz/Documents/GitHub/OctaBit/OctaBit.srcs/sources_1/new/status_registry.vhd:47]
INFO: [Synth 8-256] done synthesizing module 'status_registry' (9#1) [C:/Users/Moritz/Documents/GitHub/OctaBit/OctaBit.srcs/sources_1/new/status_registry.vhd:47]
INFO: [Synth 8-3491] module 'branch_controller' declared at 'C:/Users/Moritz/Documents/GitHub/OctaBit/OctaBit.srcs/sources_1/new/branch_controller.vhd:34' bound to instance 'br_controller' of component 'branch_controller' [C:/Users/Moritz/Documents/GitHub/OctaBit/OctaBit.srcs/sources_1/new/toplevel.vhd:673]
INFO: [Synth 8-638] synthesizing module 'branch_controller' [C:/Users/Moritz/Documents/GitHub/OctaBit/OctaBit.srcs/sources_1/new/branch_controller.vhd:65]
WARNING: [Synth 8-614] signal 'branch_instr' is read in the process but is not in the sensitivity list [C:/Users/Moritz/Documents/GitHub/OctaBit/OctaBit.srcs/sources_1/new/branch_controller.vhd:72]
WARNING: [Synth 8-614] signal 'tmp' is read in the process but is not in the sensitivity list [C:/Users/Moritz/Documents/GitHub/OctaBit/OctaBit.srcs/sources_1/new/branch_controller.vhd:72]
WARNING: [Synth 8-614] signal 'current_pc' is read in the process but is not in the sensitivity list [C:/Users/Moritz/Documents/GitHub/OctaBit/OctaBit.srcs/sources_1/new/branch_controller.vhd:72]
WARNING: [Synth 8-614] signal 'stored_pc' is read in the process but is not in the sensitivity list [C:/Users/Moritz/Documents/GitHub/OctaBit/OctaBit.srcs/sources_1/new/branch_controller.vhd:72]
WARNING: [Synth 8-614] signal 'await_ret' is read in the process but is not in the sensitivity list [C:/Users/Moritz/Documents/GitHub/OctaBit/OctaBit.srcs/sources_1/new/branch_controller.vhd:72]
WARNING: [Synth 8-614] signal 'dm_data' is read in the process but is not in the sensitivity list [C:/Users/Moritz/Documents/GitHub/OctaBit/OctaBit.srcs/sources_1/new/branch_controller.vhd:72]
WARNING: [Synth 8-614] signal 'sreg_status' is read in the process but is not in the sensitivity list [C:/Users/Moritz/Documents/GitHub/OctaBit/OctaBit.srcs/sources_1/new/branch_controller.vhd:72]
WARNING: [Synth 8-614] signal 'branch_enable' is read in the process but is not in the sensitivity list [C:/Users/Moritz/Documents/GitHub/OctaBit/OctaBit.srcs/sources_1/new/branch_controller.vhd:72]
INFO: [Synth 8-256] done synthesizing module 'branch_controller' (10#1) [C:/Users/Moritz/Documents/GitHub/OctaBit/OctaBit.srcs/sources_1/new/branch_controller.vhd:65]
INFO: [Synth 8-3491] module 'z_address' declared at 'C:/Users/Moritz/Documents/GitHub/OctaBit/OctaBit.srcs/sources_1/new/z_address.vhd:34' bound to instance 'z_addr' of component 'z_address' [C:/Users/Moritz/Documents/GitHub/OctaBit/OctaBit.srcs/sources_1/new/toplevel.vhd:703]
INFO: [Synth 8-638] synthesizing module 'z_address' [C:/Users/Moritz/Documents/GitHub/OctaBit/OctaBit.srcs/sources_1/new/z_address.vhd:46]
INFO: [Synth 8-256] done synthesizing module 'z_address' (11#1) [C:/Users/Moritz/Documents/GitHub/OctaBit/OctaBit.srcs/sources_1/new/z_address.vhd:46]
INFO: [Synth 8-3491] module 'stackpointer' declared at 'C:/Users/Moritz/Documents/GitHub/OctaBit/OctaBit.srcs/sources_1/new/stackpointer.vhd:34' bound to instance 'sp' of component 'stackpointer' [C:/Users/Moritz/Documents/GitHub/OctaBit/OctaBit.srcs/sources_1/new/toplevel.vhd:716]
INFO: [Synth 8-638] synthesizing module 'stackpointer' [C:/Users/Moritz/Documents/GitHub/OctaBit/OctaBit.srcs/sources_1/new/stackpointer.vhd:45]
INFO: [Synth 8-226] default block is never used [C:/Users/Moritz/Documents/GitHub/OctaBit/OctaBit.srcs/sources_1/new/stackpointer.vhd:57]
INFO: [Synth 8-256] done synthesizing module 'stackpointer' (12#1) [C:/Users/Moritz/Documents/GitHub/OctaBit/OctaBit.srcs/sources_1/new/stackpointer.vhd:45]
INFO: [Synth 8-3491] module 'data_memory_1024B' declared at 'C:/Users/Moritz/Documents/GitHub/OctaBit/OctaBit.srcs/sources_1/new/data_memory_1024B.vhd:34' bound to instance 'dm' of component 'data_memory_1024B' [C:/Users/Moritz/Documents/GitHub/OctaBit/OctaBit.srcs/sources_1/new/toplevel.vhd:725]
INFO: [Synth 8-638] synthesizing module 'data_memory_1024B' [C:/Users/Moritz/Documents/GitHub/OctaBit/OctaBit.srcs/sources_1/new/data_memory_1024B.vhd:45]
INFO: [Synth 8-256] done synthesizing module 'data_memory_1024B' (13#1) [C:/Users/Moritz/Documents/GitHub/OctaBit/OctaBit.srcs/sources_1/new/data_memory_1024B.vhd:45]
INFO: [Synth 8-3491] module 'mem_mapped_io' declared at 'C:/Users/Moritz/Documents/GitHub/OctaBit/OctaBit.srcs/sources_1/new/mem_mapped_io.vhd:36' bound to instance 'mem_mapped_io0' of component 'mem_mapped_io' [C:/Users/Moritz/Documents/GitHub/OctaBit/OctaBit.srcs/sources_1/new/toplevel.vhd:734]
INFO: [Synth 8-638] synthesizing module 'mem_mapped_io' [C:/Users/Moritz/Documents/GitHub/OctaBit/OctaBit.srcs/sources_1/new/mem_mapped_io.vhd:57]
INFO: [Synth 8-256] done synthesizing module 'mem_mapped_io' (14#1) [C:/Users/Moritz/Documents/GitHub/OctaBit/OctaBit.srcs/sources_1/new/mem_mapped_io.vhd:57]
INFO: [Synth 8-3491] module 'seg_view_controller' declared at 'C:/Users/Moritz/Documents/GitHub/OctaBit/OctaBit.srcs/sources_1/new/seg_view_controller.vhd:34' bound to instance 'seg_view_controller0' of component 'seg_view_controller' [C:/Users/Moritz/Documents/GitHub/OctaBit/OctaBit.srcs/sources_1/new/toplevel.vhd:753]
INFO: [Synth 8-638] synthesizing module 'seg_view_controller' [C:/Users/Moritz/Documents/GitHub/OctaBit/OctaBit.srcs/sources_1/new/seg_view_controller.vhd:51]
INFO: [Synth 8-226] default block is never used [C:/Users/Moritz/Documents/GitHub/OctaBit/OctaBit.srcs/sources_1/new/seg_view_controller.vhd:83]
INFO: [Synth 8-226] default block is never used [C:/Users/Moritz/Documents/GitHub/OctaBit/OctaBit.srcs/sources_1/new/seg_view_controller.vhd:108]
INFO: [Synth 8-256] done synthesizing module 'seg_view_controller' (15#1) [C:/Users/Moritz/Documents/GitHub/OctaBit/OctaBit.srcs/sources_1/new/seg_view_controller.vhd:51]
INFO: [Synth 8-256] done synthesizing module 'toplevel' (16#1) [C:/Users/Moritz/Documents/GitHub/OctaBit/OctaBit.srcs/sources_1/new/toplevel.vhd:55]
---------------------------------------------------------------------------------
Finished RTL Elaboration : Time (s): cpu = 00:00:05 ; elapsed = 00:00:06 . Memory (MB): peak = 1136.465 ; gain = 0.000
---------------------------------------------------------------------------------
---------------------------------------------------------------------------------
Start Handling Custom Attributes
---------------------------------------------------------------------------------
---------------------------------------------------------------------------------
Finished Handling Custom Attributes : Time (s): cpu = 00:00:06 ; elapsed = 00:00:06 . Memory (MB): peak = 1136.465 ; gain = 0.000
---------------------------------------------------------------------------------
---------------------------------------------------------------------------------
Finished RTL Optimization Phase 1 : Time (s): cpu = 00:00:06 ; elapsed = 00:00:06 . Memory (MB): peak = 1136.465 ; gain = 0.000
---------------------------------------------------------------------------------
Netlist sorting complete. Time (s): cpu = 00:00:00 ; elapsed = 00:00:00.016 . Memory (MB): peak = 1136.465 ; gain = 0.000
INFO: [Project 1-570] Preparing netlist for logic optimization

Processing XDC Constraints
Initializing timing engine
Parsing XDC File [c:/Users/Moritz/Documents/GitHub/OctaBit/OctaBit.gen/sources_1/ip/clk_wiz_0/clk_wiz_0/clk_wiz_0_in_context.xdc] for cell 'clk_wizard'
Finished Parsing XDC File [c:/Users/Moritz/Documents/GitHub/OctaBit/OctaBit.gen/sources_1/ip/clk_wiz_0/clk_wiz_0/clk_wiz_0_in_context.xdc] for cell 'clk_wizard'
Parsing XDC File [C:/Users/Moritz/Documents/GitHub/OctaBit/Basys3_Master.xdc]
Finished Parsing XDC File [C:/Users/Moritz/Documents/GitHub/OctaBit/Basys3_Master.xdc]
INFO: [Project 1-236] Implementation specific constraints were found while reading constraint file [C:/Users/Moritz/Documents/GitHub/OctaBit/Basys3_Master.xdc]. These constraints will be ignored for synthesis but will be used in implementation. Impacted constraints are listed in the file [.Xil/toplevel_propImpl.xdc].
Resolution: To avoid this warning, move constraints listed in [.Xil/toplevel_propImpl.xdc] to another XDC file and exclude this new file from synthesis with the used_in_synthesis property (File Properties dialog in GUI) and re-run elaboration/synthesis.
Completed Processing XDC Constraints

Netlist sorting complete. Time (s): cpu = 00:00:00 ; elapsed = 00:00:00.001 . Memory (MB): peak = 1142.457 ; gain = 0.000
INFO: [Project 1-111] Unisim Transformation Summary:
No Unisim elements were transformed.

Constraint Validation Runtime : Time (s): cpu = 00:00:00 ; elapsed = 00:00:00.004 . Memory (MB): peak = 1142.457 ; gain = 0.000
---------------------------------------------------------------------------------
Finished Constraint Validation : Time (s): cpu = 00:00:12 ; elapsed = 00:00:12 . Memory (MB): peak = 1142.457 ; gain = 5.992
---------------------------------------------------------------------------------
---------------------------------------------------------------------------------
Start Loading Part and Timing Information
---------------------------------------------------------------------------------
Loading part: xc7a35tcpg236-1
---------------------------------------------------------------------------------
Finished Loading Part and Timing Information : Time (s): cpu = 00:00:12 ; elapsed = 00:00:12 . Memory (MB): peak = 1142.457 ; gain = 5.992
---------------------------------------------------------------------------------
---------------------------------------------------------------------------------
Start Applying 'set_property' XDC Constraints
---------------------------------------------------------------------------------
Applied set_property IO_BUFFER_TYPE = NONE for clk_in. (constraint file  c:/Users/Moritz/Documents/GitHub/OctaBit/OctaBit.gen/sources_1/ip/clk_wiz_0/clk_wiz_0/clk_wiz_0_in_context.xdc, line 3).
Applied set_property CLOCK_BUFFER_TYPE = NONE for clk_in. (constraint file  c:/Users/Moritz/Documents/GitHub/OctaBit/OctaBit.gen/sources_1/ip/clk_wiz_0/clk_wiz_0/clk_wiz_0_in_context.xdc, line 4).
Applied set_property KEEP_HIERARCHY = SOFT for clk_wizard. (constraint file  auto generated constraint).
---------------------------------------------------------------------------------
Finished applying 'set_property' XDC Constraints : Time (s): cpu = 00:00:12 ; elapsed = 00:00:12 . Memory (MB): peak = 1142.457 ; gain = 5.992
---------------------------------------------------------------------------------
INFO: [Synth 8-802] inferred FSM for state register 'state_reg' in module 'seg_view_controller'
WARNING: [Synth 8-327] inferring latch for variable 'tmp_reg' [C:/Users/Moritz/Documents/GitHub/OctaBit/OctaBit.srcs/sources_1/new/branch_controller.vhd:87]
WARNING: [Synth 8-327] inferring latch for variable 'await_ret_reg' [C:/Users/Moritz/Documents/GitHub/OctaBit/OctaBit.srcs/sources_1/new/branch_controller.vhd:131]
WARNING: [Synth 8-327] inferring latch for variable 'stored_pc_reg' [C:/Users/Moritz/Documents/GitHub/OctaBit/OctaBit.srcs/sources_1/new/branch_controller.vhd:91]
WARNING: [Synth 8-327] inferring latch for variable 'hold_pc_reg' [C:/Users/Moritz/Documents/GitHub/OctaBit/OctaBit.srcs/sources_1/new/branch_controller.vhd:95]
WARNING: [Synth 8-327] inferring latch for variable 'enable_mux_rf_pc_reg' [C:/Users/Moritz/Documents/GitHub/OctaBit/OctaBit.srcs/sources_1/new/branch_controller.vhd:92]
WARNING: [Synth 8-327] inferring latch for variable 'sp_enable_reg' [C:/Users/Moritz/Documents/GitHub/OctaBit/OctaBit.srcs/sources_1/new/branch_controller.vhd:89]
---------------------------------------------------------------------------------------------------
                   State |                     New Encoding |                Previous Encoding 
---------------------------------------------------------------------------------------------------
                st0_seg0 |                               00 |                               00
                st1_seg1 |                               01 |                               01
                st2_seg2 |                               10 |                               10
                st3_seg3 |                               11 |                               11
---------------------------------------------------------------------------------------------------
INFO: [Synth 8-3354] encoded FSM with state register 'state_reg' using encoding 'sequential' in module 'seg_view_controller'
---------------------------------------------------------------------------------
Finished RTL Optimization Phase 2 : Time (s): cpu = 00:00:13 ; elapsed = 00:00:13 . Memory (MB): peak = 1142.457 ; gain = 5.992
---------------------------------------------------------------------------------
---------------------------------------------------------------------------------
Start RTL Component Statistics 
---------------------------------------------------------------------------------
Detailed RTL Component Info : 
+---Adders : 
	   2 Input   32 Bit       Adders := 1     
	   3 Input   12 Bit       Adders := 1     
	   2 Input   10 Bit       Adders := 1     
	   3 Input    9 Bit       Adders := 1     
	   2 Input    9 Bit       Adders := 1     
	   2 Input    8 Bit       Adders := 1     
	   3 Input    8 Bit       Adders := 1     
	   2 Input    2 Bit       Adders := 1     
+---XORs : 
	   2 Input      8 Bit         XORs := 1     
	   2 Input      1 Bit         XORs := 2     
+---Registers : 
	               16 Bit    Registers := 1     
	               10 Bit    Registers := 2     
	                9 Bit    Registers := 1     
	                8 Bit    Registers := 11    
	                2 Bit    Registers := 1     
	                1 Bit    Registers := 1     
+---Muxes : 
	 512 Input   16 Bit        Muxes := 1     
	   4 Input   16 Bit        Muxes := 1     
	   2 Input   16 Bit        Muxes := 4     
	   4 Input   12 Bit        Muxes := 1     
	   2 Input   12 Bit        Muxes := 2     
	   3 Input   12 Bit        Muxes := 1     
	   2 Input   10 Bit        Muxes := 1     
	   2 Input    9 Bit        Muxes := 7     
	   5 Input    9 Bit        Muxes := 2     
	   4 Input    8 Bit        Muxes := 4     
	   2 Input    8 Bit        Muxes := 13    
	   6 Input    8 Bit        Muxes := 1     
	  13 Input    8 Bit        Muxes := 4     
	   5 Input    8 Bit        Muxes := 1     
	   2 Input    7 Bit        Muxes := 4     
	   4 Input    7 Bit        Muxes := 1     
	  13 Input    6 Bit        Muxes := 1     
	   2 Input    6 Bit        Muxes := 1     
	   2 Input    5 Bit        Muxes := 7     
	   4 Input    5 Bit        Muxes := 2     
	   6 Input    5 Bit        Muxes := 2     
	   5 Input    5 Bit        Muxes := 1     
	  13 Input    5 Bit        Muxes := 1     
	   9 Input    4 Bit        Muxes := 1     
	  13 Input    4 Bit        Muxes := 1     
	   2 Input    4 Bit        Muxes := 1     
	   4 Input    4 Bit        Muxes := 1     
	  13 Input    3 Bit        Muxes := 1     
	   4 Input    3 Bit        Muxes := 1     
	  10 Input    3 Bit        Muxes := 1     
	   4 Input    2 Bit        Muxes := 3     
	   2 Input    2 Bit        Muxes := 4     
	   5 Input    2 Bit        Muxes := 1     
	   3 Input    2 Bit        Muxes := 1     
	   2 Input    1 Bit        Muxes := 72    
	   9 Input    1 Bit        Muxes := 2     
	   4 Input    1 Bit        Muxes := 7     
	  13 Input    1 Bit        Muxes := 5     
	  15 Input    1 Bit        Muxes := 1     
	  16 Input    1 Bit        Muxes := 2     
	   5 Input    1 Bit        Muxes := 9     
	  10 Input    1 Bit        Muxes := 1     
	   6 Input    1 Bit        Muxes := 1     
	   8 Input    1 Bit        Muxes := 7     
---------------------------------------------------------------------------------
Finished RTL Component Statistics 
---------------------------------------------------------------------------------
---------------------------------------------------------------------------------
Start Part Resource Summary
---------------------------------------------------------------------------------
Part Resources:
DSPs: 90 (col length:60)
BRAMs: 100 (col length: RAMB18 60 RAMB36 30)
---------------------------------------------------------------------------------
Finished Part Resource Summary
---------------------------------------------------------------------------------
---------------------------------------------------------------------------------
Start Cross Boundary and Area Optimization
---------------------------------------------------------------------------------
---------------------------------------------------------------------------------
Finished Cross Boundary and Area Optimization : Time (s): cpu = 00:00:15 ; elapsed = 00:00:16 . Memory (MB): peak = 1142.457 ; gain = 5.992
---------------------------------------------------------------------------------
---------------------------------------------------------------------------------
Start ROM, RAM, DSP, Shift Register and Retiming Reporting
---------------------------------------------------------------------------------

Distributed RAM: Preliminary Mapping Report (see note below)
+------------+-------------+-----------+----------------------+---------------+
|Module Name | RTL Object  | Inference | Size (Depth x Width) | Primitives    | 
+------------+-------------+-----------+----------------------+---------------+
|toplevel    | rf/DATA_reg | Implied   | 32 x 8               | RAM32X1D x 8  | 
+------------+-------------+-----------+----------------------+---------------+

Note: The table above is a preliminary report that shows the Distributed RAMs at the current stage of the synthesis flow. Some Distributed RAMs may be reimplemented as non Distributed RAM primitives later in the synthesis flow. Multiple instantiated RAMs are reported only once.
---------------------------------------------------------------------------------
Finished ROM, RAM, DSP, Shift Register and Retiming Reporting
---------------------------------------------------------------------------------
---------------------------------------------------------------------------------
Start Applying XDC Timing Constraints
---------------------------------------------------------------------------------
---------------------------------------------------------------------------------
Finished Applying XDC Timing Constraints : Time (s): cpu = 00:00:21 ; elapsed = 00:00:21 . Memory (MB): peak = 1142.457 ; gain = 5.992
---------------------------------------------------------------------------------
---------------------------------------------------------------------------------
Start Timing Optimization
---------------------------------------------------------------------------------
---------------------------------------------------------------------------------
Finished Timing Optimization : Time (s): cpu = 00:00:21 ; elapsed = 00:00:22 . Memory (MB): peak = 1142.457 ; gain = 5.992
---------------------------------------------------------------------------------
---------------------------------------------------------------------------------
Start ROM, RAM, DSP, Shift Register and Retiming Reporting
---------------------------------------------------------------------------------

Distributed RAM: Final Mapping Report
+------------+-------------+-----------+----------------------+---------------+
|Module Name | RTL Object  | Inference | Size (Depth x Width) | Primitives    | 
+------------+-------------+-----------+----------------------+---------------+
|toplevel    | rf/DATA_reg | Implied   | 32 x 8               | RAM32X1D x 8  | 
+------------+-------------+-----------+----------------------+---------------+

---------------------------------------------------------------------------------
Finished ROM, RAM, DSP, Shift Register and Retiming Reporting
---------------------------------------------------------------------------------
---------------------------------------------------------------------------------
Start Technology Mapping
---------------------------------------------------------------------------------
---------------------------------------------------------------------------------
Finished Technology Mapping : Time (s): cpu = 00:00:21 ; elapsed = 00:00:22 . Memory (MB): peak = 1142.457 ; gain = 5.992
---------------------------------------------------------------------------------
---------------------------------------------------------------------------------
Start IO Insertion
---------------------------------------------------------------------------------
---------------------------------------------------------------------------------
Start Flattening Before IO Insertion
---------------------------------------------------------------------------------
---------------------------------------------------------------------------------
Finished Flattening Before IO Insertion
---------------------------------------------------------------------------------
---------------------------------------------------------------------------------
Start Final Netlist Cleanup
---------------------------------------------------------------------------------
---------------------------------------------------------------------------------
Finished Final Netlist Cleanup
---------------------------------------------------------------------------------
---------------------------------------------------------------------------------
Finished IO Insertion : Time (s): cpu = 00:00:24 ; elapsed = 00:00:25 . Memory (MB): peak = 1142.457 ; gain = 5.992
---------------------------------------------------------------------------------
---------------------------------------------------------------------------------
Start Renaming Generated Instances
---------------------------------------------------------------------------------
---------------------------------------------------------------------------------
Finished Renaming Generated Instances : Time (s): cpu = 00:00:24 ; elapsed = 00:00:25 . Memory (MB): peak = 1142.457 ; gain = 5.992
---------------------------------------------------------------------------------
---------------------------------------------------------------------------------
Start Rebuilding User Hierarchy
---------------------------------------------------------------------------------
---------------------------------------------------------------------------------
Finished Rebuilding User Hierarchy : Time (s): cpu = 00:00:24 ; elapsed = 00:00:25 . Memory (MB): peak = 1142.457 ; gain = 5.992
---------------------------------------------------------------------------------
---------------------------------------------------------------------------------
Start Renaming Generated Ports
---------------------------------------------------------------------------------
---------------------------------------------------------------------------------
Finished Renaming Generated Ports : Time (s): cpu = 00:00:24 ; elapsed = 00:00:25 . Memory (MB): peak = 1142.457 ; gain = 5.992
---------------------------------------------------------------------------------
---------------------------------------------------------------------------------
Start Handling Custom Attributes
---------------------------------------------------------------------------------
---------------------------------------------------------------------------------
Finished Handling Custom Attributes : Time (s): cpu = 00:00:24 ; elapsed = 00:00:25 . Memory (MB): peak = 1142.457 ; gain = 5.992
---------------------------------------------------------------------------------
---------------------------------------------------------------------------------
Start Renaming Generated Nets
---------------------------------------------------------------------------------
---------------------------------------------------------------------------------
Finished Renaming Generated Nets : Time (s): cpu = 00:00:24 ; elapsed = 00:00:25 . Memory (MB): peak = 1142.457 ; gain = 5.992
---------------------------------------------------------------------------------
---------------------------------------------------------------------------------
Start Writing Synthesis Report
---------------------------------------------------------------------------------

Report BlackBoxes: 
+------+--------------+----------+
|      |BlackBox name |Instances |
+------+--------------+----------+
|1     |clk_wiz_0     |         1|
+------+--------------+----------+

Report Cell Usage: 
+------+---------------+------+
|      |Cell           |Count |
+------+---------------+------+
|1     |clk_wiz_0_bbox |     1|
|2     |CARRY4         |    18|
|3     |LUT1           |     2|
|4     |LUT2           |     5|
|5     |LUT3           |    18|
|6     |LUT4           |    21|
|7     |LUT5           |    15|
|8     |LUT6           |    28|
|9     |RAM32X1D       |     8|
|10    |FDRE           |    71|
|11    |IBUF           |     3|
|12    |OBUF           |    28|
+------+---------------+------+
---------------------------------------------------------------------------------
Finished Writing Synthesis Report : Time (s): cpu = 00:00:24 ; elapsed = 00:00:25 . Memory (MB): peak = 1142.457 ; gain = 5.992
---------------------------------------------------------------------------------
Synthesis finished with 0 errors, 0 critical warnings and 6 warnings.
Synthesis Optimization Runtime : Time (s): cpu = 00:00:16 ; elapsed = 00:00:23 . Memory (MB): peak = 1142.457 ; gain = 0.000
Synthesis Optimization Complete : Time (s): cpu = 00:00:24 ; elapsed = 00:00:25 . Memory (MB): peak = 1142.457 ; gain = 5.992
INFO: [Project 1-571] Translating synthesized netlist
Netlist sorting complete. Time (s): cpu = 00:00:00 ; elapsed = 00:00:00.004 . Memory (MB): peak = 1142.457 ; gain = 0.000
INFO: [Netlist 29-17] Analyzing 26 Unisim elements for replacement
INFO: [Netlist 29-28] Unisim Transformation completed in 0 CPU seconds
INFO: [Project 1-570] Preparing netlist for logic optimization
INFO: [Opt 31-138] Pushed 0 inverter(s) to 0 load pin(s).
Netlist sorting complete. Time (s): cpu = 00:00:00 ; elapsed = 00:00:00 . Memory (MB): peak = 1142.457 ; gain = 0.000
INFO: [Project 1-111] Unisim Transformation Summary:
  A total of 8 instances were transformed.
  RAM32X1D => RAM32X1D (RAMD32(x2)): 8 instances

Synth Design complete, checksum: e0bb89e2
INFO: [Common 17-83] Releasing license: Synthesis
70 Infos, 38 Warnings, 0 Critical Warnings and 0 Errors encountered.
synth_design completed successfully
synth_design: Time (s): cpu = 00:00:28 ; elapsed = 00:00:29 . Memory (MB): peak = 1142.457 ; gain = 5.992
INFO: [Common 17-1381] The checkpoint 'C:/Users/Moritz/Documents/GitHub/OctaBit/OctaBit.runs/synth_1/toplevel.dcp' has been generated.
INFO: [runtcl-4] Executing : report_utilization -file toplevel_utilization_synth.rpt -pb toplevel_utilization_synth.pb
INFO: [Common 17-206] Exiting Vivado at Sun Mar 26 15:11:00 2023...
